2018-03-05 16:25:26 INFO  LogIn:15 - chrome browser Launched
2018-03-05 16:25:26 INFO  LogIn:17 - Username Entered
2018-03-05 16:25:26 INFO  LogIn:19 - Password entered
2018-03-05 16:25:38 INFO  LogIn:21 - Clicked on Login button
2018-03-05 16:25:39 INFO  HomePage:23 - Main Menu Elements Are :HOME
2018-03-05 16:25:39 INFO  HomePage:23 - Main Menu Elements Are :ERT
2018-03-05 16:25:39 INFO  HomePage:23 - Main Menu Elements Are :SURVEILLANCE
2018-03-05 16:25:39 INFO  HomePage:23 - Main Menu Elements Are :REPORTS
2018-03-05 16:25:39 INFO  HomePage:23 - Main Menu Elements Are :GUARD
2018-03-05 16:25:39 INFO  HomePage:23 - Main Menu Elements Are :SLA
2018-03-05 16:25:39 INFO  HomePage:23 - Main Menu Elements Are :ADMINISTRATION
2018-03-05 16:25:39 INFO  HomePage:23 - Main Menu Elements Are :ANOMALY
2018-03-05 16:25:39 INFO  HomePage:23 - Main Menu Elements Are :SUPPORT
2018-03-05 16:25:45 INFO  Utility:216 - naviagated to reports
2018-03-05 16:27:42 INFO  HomePage:40 - Clicked on REPORTS Menu
2018-03-05 16:27:47 INFO  HomePage:42 - Clicked on ERT SUMMARY SubMenu
2018-03-05 16:27:47 INFO  HomePage:45 - Page Title -ERT Summary Report-Verified Successfully
2018-03-05 16:27:47 INFO  ERTSummay_Report:54 - The page  should navigate to the ERT summary report page.
2018-03-05 16:29:35 INFO  ERTSummay_Report:346 - Values in ClientFilter dropdown :ALL
2018-03-05 16:29:35 INFO  ERTSummay_Report:346 - Values in ClientFilter dropdown :MF
2018-03-05 16:29:35 INFO  ERTSummay_Report:346 - Values in ClientFilter dropdown :MFL
2018-03-05 16:29:35 INFO  ERTSummay_Report:346 - Values in ClientFilter dropdown :MAFIL
2018-03-05 16:29:35 INFO  ERTSummay_Report:346 - Values in ClientFilter dropdown :ESAF
2018-03-05 16:29:35 INFO  ERTSummay_Report:361 - Values in SessionFilter dropdown :Night ERT
2018-03-05 16:29:35 INFO  ERTSummay_Report:361 - Values in SessionFilter dropdown :Morning ERT
2018-03-05 16:29:39 INFO  ERTSummay_Report:39 - Clicked on submit button
2018-03-05 16:29:40 INFO  ERTSummay_Report:52 - Columns in the table are :ERT
2018-03-05 16:29:40 INFO  ERTSummay_Report:52 - Columns in the table are :ERT reported at (time)
2018-03-05 16:29:40 INFO  ERTSummay_Report:52 - Columns in the table are :No of branches visited
2018-03-05 16:29:40 INFO  ERTSummay_Report:52 - Columns in the table are :Details of ADT Alarm
2018-03-05 16:29:40 INFO  ERTSummay_Report:52 - Columns in the table are :Total KM Run by ERT
2018-03-05 16:29:40 INFO  ERTSummay_Report:52 - Columns in the table are :Average KM
2018-03-05 16:29:40 INFO  ERTSummay_Report:52 - Columns in the table are :ERT relieved time
2018-03-05 16:29:40 INFO  ERTSummay_Report:52 - Columns in the table are :Irregularities
2018-03-05 16:29:40 INFO  ERTSummay_Report:52 - Columns in the table are :Action taken by ERT and RCR
2018-03-05 16:29:40 INFO  ERTSummay_Report:52 - Columns in the table are :Remarks
2018-03-05 16:29:40 INFO  ERTSummay_Report:52 - Columns in the table are :Odometer Start Value
2018-03-05 16:29:40 INFO  ERTSummay_Report:52 - Columns in the table are :Odometer End Value
2018-03-05 16:30:15 INFO  ERTSummay_Report:140 - KL/KCH/01=6=6
2018-03-05 16:30:15 INFO  ERTSummay_Report:140 - KL/KCH/02=4=4
2018-03-05 16:30:15 INFO  ERTSummay_Report:140 - KL/KCH/03=3=3
2018-03-05 16:30:15 INFO  ERTSummay_Report:185 - Timeformat of ADT Recived :=false
2018-03-05 16:30:15 INFO  ERTSummay_Report:185 - Timeformat of ADT Recived :=false
2018-03-05 16:30:15 INFO  ERTSummay_Report:185 - Timeformat of ADT Recived :=false
2018-03-05 16:30:15 INFO  ERTSummay_Report:185 - Timeformat of ADT Recived :=false
2018-03-05 16:30:15 INFO  ERTSummay_Report:185 - Timeformat of ADT Recived :=false
2018-03-05 16:30:15 INFO  ERTSummay_Report:107 - Timeformat of ArrivalTime :=false
2018-03-05 16:30:15 INFO  ERTSummay_Report:107 - Timeformat of ArrivalTime :=false
2018-03-05 16:30:15 INFO  ERTSummay_Report:107 - Timeformat of ArrivalTime :=false
2018-03-05 16:30:15 INFO  ERTSummay_Report:107 - Timeformat of ArrivalTime :=false
2018-03-05 16:30:16 INFO  ERTSummay_Report:107 - Timeformat of ArrivalTime :=false
2018-03-05 16:30:16 INFO  ERTSummay_Report:120 - Timeformat of ArrivalTime :=false
2018-03-05 16:30:16 INFO  ERTSummay_Report:120 - Timeformat of ArrivalTime :=false
2018-03-05 16:30:16 INFO  ERTSummay_Report:120 - Timeformat of ArrivalTime :=false
2018-03-05 16:30:16 INFO  ERTSummay_Report:120 - Timeformat of ArrivalTime :=false
2018-03-05 16:30:16 INFO  ERTSummay_Report:120 - Timeformat of ArrivalTime :=false
2018-03-05 16:30:17 INFO  ERTSummay_Report:402 - =
2018-03-05 16:30:17 INFO  ERTSummay_Report:402 - =
2018-03-05 16:30:17 INFO  ERTSummay_Report:402 - =
2018-03-05 16:30:17 INFO  ERTSummay_Report:402 - =
2018-03-05 16:30:17 INFO  ERTSummay_Report:402 - =
2018-03-05 16:30:17 INFO  ERTSummay_Report:413 - =
2018-03-05 16:30:17 INFO  ERTSummay_Report:413 - =
2018-03-05 16:30:17 INFO  ERTSummay_Report:413 - =
2018-03-05 16:30:17 INFO  ERTSummay_Report:413 - =
2018-03-05 16:30:17 INFO  ERTSummay_Report:413 - =
2018-03-05 16:30:17 INFO  ERTSummay_Report:424 - KL/KCH/01=
2018-03-05 16:30:17 INFO  ERTSummay_Report:424 - KL/KCH/02=
2018-03-05 16:30:17 INFO  ERTSummay_Report:424 - KL/KCH/03=
2018-03-05 16:30:17 INFO  ERTSummay_Report:424 - KL/KCH/04=
2018-03-05 16:30:17 INFO  ERTSummay_Report:424 - KL/KCH/05=
2018-03-05 16:30:18 INFO  ERTSummay_Report:232 - KL/KCH/01 = 5000 < 5005
2018-03-05 16:30:18 INFO  ERTSummay_Report:234 - KL/KCH/01 = 5000 <> 5005
2018-03-05 16:30:18 INFO  ERTSummay_Report:234 - KL/KCH/01 = 5000 <> 0
2018-03-05 16:30:18 INFO  ERTSummay_Report:234 - KL/KCH/01 = 5000 <> 0
2018-03-05 16:30:18 INFO  ERTSummay_Report:234 - KL/KCH/01 = 5000 <> 0
2018-03-05 16:30:18 INFO  ERTSummay_Report:234 - KL/KCH/01 = 5000 <> 0
2018-03-05 16:30:18 INFO  ERTSummay_Report:234 - KL/KCH/01 = 500550 <> 5005
2018-03-05 16:30:18 INFO  ERTSummay_Report:234 - KL/KCH/01 = 500550 <> 0
2018-03-05 16:30:18 INFO  ERTSummay_Report:234 - KL/KCH/01 = 500550 <> 0
2018-03-05 16:30:18 INFO  ERTSummay_Report:234 - KL/KCH/01 = 500550 <> 0
2018-03-05 16:30:18 INFO  ERTSummay_Report:234 - KL/KCH/01 = 500550 <> 0
2018-03-05 16:30:18 INFO  ERTSummay_Report:234 - KL/KCH/01 = 0 <> 5005
2018-03-05 16:30:18 INFO  ERTSummay_Report:234 - KL/KCH/01 = 0 <> 0
2018-03-05 16:30:18 INFO  ERTSummay_Report:234 - KL/KCH/01 = 0 <> 0
2018-03-05 16:30:18 INFO  ERTSummay_Report:234 - KL/KCH/01 = 0 <> 0
2018-03-05 16:30:18 INFO  ERTSummay_Report:234 - KL/KCH/01 = 0 <> 0
2018-03-05 16:30:18 INFO  ERTSummay_Report:234 - KL/KCH/01 = 0 <> 5005
2018-03-05 16:30:18 INFO  ERTSummay_Report:234 - KL/KCH/01 = 0 <> 0
2018-03-05 16:30:18 INFO  ERTSummay_Report:234 - KL/KCH/01 = 0 <> 0
2018-03-05 16:30:18 INFO  ERTSummay_Report:234 - KL/KCH/01 = 0 <> 0
2018-03-05 16:30:18 INFO  ERTSummay_Report:234 - KL/KCH/01 = 0 <> 0
2018-03-05 16:30:18 INFO  ERTSummay_Report:234 - KL/KCH/02 = 5000 <> 5005
2018-03-05 16:30:18 INFO  ERTSummay_Report:234 - KL/KCH/02 = 5000 <> 0
2018-03-05 16:30:18 INFO  ERTSummay_Report:234 - KL/KCH/02 = 5000 <> 0
2018-03-05 16:30:18 INFO  ERTSummay_Report:234 - KL/KCH/02 = 5000 <> 0
2018-03-05 16:30:18 INFO  ERTSummay_Report:234 - KL/KCH/02 = 5000 <> 0
2018-03-05 16:30:18 INFO  ERTSummay_Report:234 - KL/KCH/02 = 500550 <> 5005
2018-03-05 16:30:18 INFO  ERTSummay_Report:234 - KL/KCH/02 = 500550 <> 0
2018-03-05 16:30:18 INFO  ERTSummay_Report:234 - KL/KCH/02 = 500550 <> 0
2018-03-05 16:30:18 INFO  ERTSummay_Report:234 - KL/KCH/02 = 500550 <> 0
2018-03-05 16:30:18 INFO  ERTSummay_Report:234 - KL/KCH/02 = 500550 <> 0
2018-03-05 16:30:18 INFO  ERTSummay_Report:234 - KL/KCH/02 = 0 <> 5005
2018-03-05 16:30:18 INFO  ERTSummay_Report:234 - KL/KCH/02 = 0 <> 0
2018-03-05 16:30:18 INFO  ERTSummay_Report:234 - KL/KCH/02 = 0 <> 0
2018-03-05 16:30:18 INFO  ERTSummay_Report:234 - KL/KCH/02 = 0 <> 0
2018-03-05 16:30:18 INFO  ERTSummay_Report:234 - KL/KCH/02 = 0 <> 0
2018-03-05 16:30:18 INFO  ERTSummay_Report:234 - KL/KCH/02 = 0 <> 5005
2018-03-05 16:30:18 INFO  ERTSummay_Report:234 - KL/KCH/02 = 0 <> 0
2018-03-05 16:30:18 INFO  ERTSummay_Report:234 - KL/KCH/02 = 0 <> 0
2018-03-05 16:30:18 INFO  ERTSummay_Report:234 - KL/KCH/02 = 0 <> 0
2018-03-05 16:30:18 INFO  ERTSummay_Report:234 - KL/KCH/02 = 0 <> 0
2018-03-05 16:30:18 INFO  ERTSummay_Report:234 - KL/KCH/03 = 5000 <> 5005
2018-03-05 16:30:18 INFO  ERTSummay_Report:234 - KL/KCH/03 = 5000 <> 0
2018-03-05 16:30:18 INFO  ERTSummay_Report:234 - KL/KCH/03 = 5000 <> 0
2018-03-05 16:30:18 INFO  ERTSummay_Report:234 - KL/KCH/03 = 5000 <> 0
2018-03-05 16:30:18 INFO  ERTSummay_Report:234 - KL/KCH/03 = 5000 <> 0
2018-03-05 16:30:18 INFO  ERTSummay_Report:234 - KL/KCH/03 = 5000 <> 5005
2018-03-05 16:30:18 INFO  ERTSummay_Report:234 - KL/KCH/03 = 5000 <> 0
2018-03-05 16:30:18 INFO  ERTSummay_Report:234 - KL/KCH/03 = 5000 <> 0
2018-03-05 16:30:18 INFO  ERTSummay_Report:234 - KL/KCH/03 = 5000 <> 0
2018-03-05 16:30:18 INFO  ERTSummay_Report:234 - KL/KCH/03 = 5000 <> 0
2018-03-05 16:30:18 INFO  ERTSummay_Report:234 - KL/KCH/03 = 500550 <> 5005
2018-03-05 16:30:18 INFO  ERTSummay_Report:234 - KL/KCH/03 = 500550 <> 0
2018-03-05 16:30:18 INFO  ERTSummay_Report:234 - KL/KCH/03 = 500550 <> 0
2018-03-05 16:30:18 INFO  ERTSummay_Report:234 - KL/KCH/03 = 500550 <> 0
2018-03-05 16:30:18 INFO  ERTSummay_Report:234 - KL/KCH/03 = 500550 <> 0
2018-03-05 16:30:18 INFO  ERTSummay_Report:234 - KL/KCH/03 = 0 <> 5005
2018-03-05 16:30:18 INFO  ERTSummay_Report:234 - KL/KCH/03 = 0 <> 0
2018-03-05 16:30:18 INFO  ERTSummay_Report:234 - KL/KCH/03 = 0 <> 0
2018-03-05 16:30:18 INFO  ERTSummay_Report:234 - KL/KCH/03 = 0 <> 0
2018-03-05 16:30:18 INFO  ERTSummay_Report:234 - KL/KCH/03 = 0 <> 0
2018-03-05 16:30:18 INFO  ERTSummay_Report:234 - KL/KCH/03 = 0 <> 5005
2018-03-05 16:30:18 INFO  ERTSummay_Report:234 - KL/KCH/03 = 0 <> 0
2018-03-05 16:30:18 INFO  ERTSummay_Report:234 - KL/KCH/03 = 0 <> 0
2018-03-05 16:30:18 INFO  ERTSummay_Report:234 - KL/KCH/03 = 0 <> 0
2018-03-05 16:30:18 INFO  ERTSummay_Report:234 - KL/KCH/03 = 0 <> 0
